<html>
<head>
<title>TestNG:  Command line test</title>
<link href="../testng.css" rel="stylesheet" type="text/css" />
<link href="../my-testng.css" rel="stylesheet" type="text/css" />

<style type="text/css">
.log { display: none;} 
.stack-trace { display: none;} 
</style>
<script type="text/javascript">
<!--
function flip(e) {
  current = e.style.display;
  if (current == 'block') {
    e.style.display = 'none';
    return 0;
  }
  else {
    e.style.display = 'block';
    return 1;
  }
}

function toggleBox(szDivId, elem, msg1, msg2)
{
  var res = -1;  if (document.getElementById) {
    res = flip(document.getElementById(szDivId));
  }
  else if (document.all) {
    // this is the way old msie versions work
    res = flip(document.all[szDivId]);
  }
  if(elem) {
    if(res == 0) elem.innerHTML = msg1; else elem.innerHTML = msg2;
  }

}

function toggleAllBoxes() {
  if (document.getElementsByTagName) {
    d = document.getElementsByTagName('div');
    for (i = 0; i < d.length; i++) {
      if (d[i].className == 'log') {
        flip(d[i]);
      }
    }
  }
}

// -->
</script>

</head>
<body>
<h2 align='center'>Command line test</h2><table border='1' align="center">
<tr>
<td>Tests passed/Failed/Skipped:</td><td>91/2/0</td>
</tr><tr>
<td>Started on:</td><td>Thu Sep 16 01:43:05 PET 2021</td>
</tr>
<tr><td>Total time:</td><td>20 seconds (20799 ms)</td>
</tr><tr>
<td>Included groups:</td><td></td>
</tr><tr>
<td>Excluded groups:</td><td></td>
</tr>
</table><p/>
<small><i>(Hover the method name to see the test class name)</i></small><p/>
<table width='100%' border='1' class='invocation-failed'>
<tr><td colspan='4' align='center'><b>FAILED TESTS</b></td></tr>
<tr><td><b>Test method</b></td>
<td width="30%"><b>Exception</b></td>
<td width="10%"><b>Time (seconds)</b></td>
<td><b>Instance</b></td>
</tr>
<tr>
<td title='translatorTest.TranslatorTest.TestConnBuilderConnSuccess()'><b>TestConnBuilderConnSuccess</b><br>Test class: translatorTest.TranslatorTest</td>
<td><div><pre>java.lang.AssertionError: expected [400] but found [4000]
	at translatorTest.TranslatorTest.TestConnBuilderConnSuccess(TranslatorTest.java:31)
	at java.base/java.util.ArrayList.forEach(ArrayList.java:1511)
... Removed 43 stack frames</pre></div><a href='#' onClick='toggleBox("stack-trace1585571244", this, "Click to show all stack frames", "Click to hide stack frames")'>Click to show all stack frames</a>
<div class='stack-trace' id='stack-trace1585571244'><pre>java.lang.AssertionError: expected [400] but found [4000]
	at org.testng.Assert.fail(Assert.java:99)
	at org.testng.Assert.failNotEquals(Assert.java:1037)
	at org.testng.Assert.assertEqualsImpl(Assert.java:140)
	at org.testng.Assert.assertEquals(Assert.java:122)
	at org.testng.Assert.assertEquals(Assert.java:907)
	at org.testng.Assert.assertEquals(Assert.java:917)
	at translatorTest.TranslatorTest.TestConnBuilderConnSuccess(TranslatorTest.java:31)
	at java.base/jdk.internal.reflect.NativeMethodAccessorImpl.invoke0(Native Method)
	at java.base/jdk.internal.reflect.NativeMethodAccessorImpl.invoke(NativeMethodAccessorImpl.java:78)
	at java.base/jdk.internal.reflect.DelegatingMethodAccessorImpl.invoke(DelegatingMethodAccessorImpl.java:43)
	at java.base/java.lang.reflect.Method.invoke(Method.java:567)
	at org.testng.internal.MethodInvocationHelper.invokeMethod(MethodInvocationHelper.java:132)
	at org.testng.internal.TestInvoker.invokeMethod(TestInvoker.java:599)
	at org.testng.internal.TestInvoker.invokeTestMethod(TestInvoker.java:174)
	at org.testng.internal.MethodRunner.runInSequence(MethodRunner.java:46)
	at org.testng.internal.TestInvoker$MethodInvocationAgent.invoke(TestInvoker.java:822)
	at org.testng.internal.TestInvoker.invokeTestMethods(TestInvoker.java:147)
	at org.testng.internal.TestMethodWorker.invokeTestMethods(TestMethodWorker.java:146)
	at org.testng.internal.TestMethodWorker.run(TestMethodWorker.java:128)
	at java.base/java.util.ArrayList.forEach(ArrayList.java:1511)
	at org.testng.TestRunner.privateRun(TestRunner.java:764)
	at org.testng.TestRunner.run(TestRunner.java:585)
	at org.testng.SuiteRunner.runTest(SuiteRunner.java:384)
	at org.testng.SuiteRunner.runSequentially(SuiteRunner.java:378)
	at org.testng.SuiteRunner.privateRun(SuiteRunner.java:337)
	at org.testng.SuiteRunner.run(SuiteRunner.java:286)
	at org.testng.SuiteRunnerWorker.runSuite(SuiteRunnerWorker.java:53)
	at org.testng.SuiteRunnerWorker.run(SuiteRunnerWorker.java:96)
	at org.testng.TestNG.runSuitesSequentially(TestNG.java:1218)
	at org.testng.TestNG.runSuitesLocally(TestNG.java:1140)
	at org.testng.TestNG.runSuites(TestNG.java:1069)
	at org.testng.TestNG.run(TestNG.java:1037)
	at org.apache.maven.surefire.testng.TestNGExecutor.run(TestNGExecutor.java:77)
	at org.apache.maven.surefire.testng.TestNGDirectoryTestSuite.executeMulti(TestNGDirectoryTestSuite.java:159)
	at org.apache.maven.surefire.testng.TestNGDirectoryTestSuite.execute(TestNGDirectoryTestSuite.java:99)
	at org.apache.maven.surefire.testng.TestNGProvider.invoke(TestNGProvider.java:106)
	at java.base/jdk.internal.reflect.NativeMethodAccessorImpl.invoke0(Native Method)
	at java.base/jdk.internal.reflect.NativeMethodAccessorImpl.invoke(NativeMethodAccessorImpl.java:78)
	at java.base/jdk.internal.reflect.DelegatingMethodAccessorImpl.invoke(DelegatingMethodAccessorImpl.java:43)
	at java.base/java.lang.reflect.Method.invoke(Method.java:567)
	at org.apache.maven.surefire.util.ReflectionUtils.invokeMethodWithArray(ReflectionUtils.java:189)
	at org.apache.maven.surefire.booter.ProviderFactory$ProviderProxy.invoke(ProviderFactory.java:165)
	at org.apache.maven.surefire.booter.ProviderFactory.invokeProvider(ProviderFactory.java:85)
	at org.apache.maven.surefire.booter.ForkedBooter.runSuitesInProcess(ForkedBooter.java:115)
	at org.apache.maven.surefire.booter.ForkedBooter.main(ForkedBooter.java:75)
</pre></div></td>
<td>0</td>
<td>translatorTest.TranslatorTest@448c8166</td></tr>
<tr>
<td title='translatorTest.TranslatorTest.TestUrlBuilderSuccess()'><b>TestUrlBuilderSuccess</b><br>Test class: translatorTest.TranslatorTest</td>
<td><div><pre>java.lang.AssertionError: expected [https://script.google.com/macros/s/AKfycbz9NhqBIiBztjNDKRcyI0zo3Wq12b7e-eXSDzx0wNsQf2WW-IDmJIfp6_jJJd8Sp_oO/exec?q=xd&amp;target=some&amp;source=some] but found [https://script.google.com/macros/s/AKfycbxJSBqm1GK9L2Rmw9Ru3UTJpY3cnky-1-gul_Po9aL0LhWrhkK0kLlnSGvRkqsfxnp5/exec?q=xd&amp;target=some&amp;source=some]
	at translatorTest.TranslatorTest.TestUrlBuilderSuccess(TranslatorTest.java:18)
	at java.base/java.util.ArrayList.forEach(ArrayList.java:1511)
... Removed 43 stack frames</pre></div><a href='#' onClick='toggleBox("stack-trace68217166", this, "Click to show all stack frames", "Click to hide stack frames")'>Click to show all stack frames</a>
<div class='stack-trace' id='stack-trace68217166'><pre>java.lang.AssertionError: expected [https://script.google.com/macros/s/AKfycbz9NhqBIiBztjNDKRcyI0zo3Wq12b7e-eXSDzx0wNsQf2WW-IDmJIfp6_jJJd8Sp_oO/exec?q=xd&amp;target=some&amp;source=some] but found [https://script.google.com/macros/s/AKfycbxJSBqm1GK9L2Rmw9Ru3UTJpY3cnky-1-gul_Po9aL0LhWrhkK0kLlnSGvRkqsfxnp5/exec?q=xd&amp;target=some&amp;source=some]
	at org.testng.Assert.fail(Assert.java:99)
	at org.testng.Assert.failNotEquals(Assert.java:1037)
	at org.testng.Assert.assertEqualsImpl(Assert.java:140)
	at org.testng.Assert.assertEquals(Assert.java:122)
	at org.testng.Assert.assertEquals(Assert.java:629)
	at org.testng.Assert.assertEquals(Assert.java:639)
	at translatorTest.TranslatorTest.TestUrlBuilderSuccess(TranslatorTest.java:18)
	at java.base/jdk.internal.reflect.NativeMethodAccessorImpl.invoke0(Native Method)
	at java.base/jdk.internal.reflect.NativeMethodAccessorImpl.invoke(NativeMethodAccessorImpl.java:78)
	at java.base/jdk.internal.reflect.DelegatingMethodAccessorImpl.invoke(DelegatingMethodAccessorImpl.java:43)
	at java.base/java.lang.reflect.Method.invoke(Method.java:567)
	at org.testng.internal.MethodInvocationHelper.invokeMethod(MethodInvocationHelper.java:132)
	at org.testng.internal.TestInvoker.invokeMethod(TestInvoker.java:599)
	at org.testng.internal.TestInvoker.invokeTestMethod(TestInvoker.java:174)
	at org.testng.internal.MethodRunner.runInSequence(MethodRunner.java:46)
	at org.testng.internal.TestInvoker$MethodInvocationAgent.invoke(TestInvoker.java:822)
	at org.testng.internal.TestInvoker.invokeTestMethods(TestInvoker.java:147)
	at org.testng.internal.TestMethodWorker.invokeTestMethods(TestMethodWorker.java:146)
	at org.testng.internal.TestMethodWorker.run(TestMethodWorker.java:128)
	at java.base/java.util.ArrayList.forEach(ArrayList.java:1511)
	at org.testng.TestRunner.privateRun(TestRunner.java:764)
	at org.testng.TestRunner.run(TestRunner.java:585)
	at org.testng.SuiteRunner.runTest(SuiteRunner.java:384)
	at org.testng.SuiteRunner.runSequentially(SuiteRunner.java:378)
	at org.testng.SuiteRunner.privateRun(SuiteRunner.java:337)
	at org.testng.SuiteRunner.run(SuiteRunner.java:286)
	at org.testng.SuiteRunnerWorker.runSuite(SuiteRunnerWorker.java:53)
	at org.testng.SuiteRunnerWorker.run(SuiteRunnerWorker.java:96)
	at org.testng.TestNG.runSuitesSequentially(TestNG.java:1218)
	at org.testng.TestNG.runSuitesLocally(TestNG.java:1140)
	at org.testng.TestNG.runSuites(TestNG.java:1069)
	at org.testng.TestNG.run(TestNG.java:1037)
	at org.apache.maven.surefire.testng.TestNGExecutor.run(TestNGExecutor.java:77)
	at org.apache.maven.surefire.testng.TestNGDirectoryTestSuite.executeMulti(TestNGDirectoryTestSuite.java:159)
	at org.apache.maven.surefire.testng.TestNGDirectoryTestSuite.execute(TestNGDirectoryTestSuite.java:99)
	at org.apache.maven.surefire.testng.TestNGProvider.invoke(TestNGProvider.java:106)
	at java.base/jdk.internal.reflect.NativeMethodAccessorImpl.invoke0(Native Method)
	at java.base/jdk.internal.reflect.NativeMethodAccessorImpl.invoke(NativeMethodAccessorImpl.java:78)
	at java.base/jdk.internal.reflect.DelegatingMethodAccessorImpl.invoke(DelegatingMethodAccessorImpl.java:43)
	at java.base/java.lang.reflect.Method.invoke(Method.java:567)
	at org.apache.maven.surefire.util.ReflectionUtils.invokeMethodWithArray(ReflectionUtils.java:189)
	at org.apache.maven.surefire.booter.ProviderFactory$ProviderProxy.invoke(ProviderFactory.java:165)
	at org.apache.maven.surefire.booter.ProviderFactory.invokeProvider(ProviderFactory.java:85)
	at org.apache.maven.surefire.booter.ForkedBooter.runSuitesInProcess(ForkedBooter.java:115)
	at org.apache.maven.surefire.booter.ForkedBooter.main(ForkedBooter.java:75)
</pre></div></td>
<td>0</td>
<td>translatorTest.TranslatorTest@448c8166</td></tr>
</table><p>
<table width='100%' border='1' class='invocation-passed'>
<tr><td colspan='4' align='center'><b>PASSED TESTS</b></td></tr>
<tr><td><b>Test method</b></td>
<td width="30%"><b>Exception</b></td>
<td width="10%"><b>Time (seconds)</b></td>
<td><b>Instance</b></td>
</tr>
<tr>
<td title='translatorTest.TranslatorTest.TestConnBuilderTranslateFail()'><b>TestConnBuilderTranslateFail</b><br>Test class: translatorTest.TranslatorTest</td>
<td></td>
<td>6</td>
<td>translatorTest.TranslatorTest@448c8166</td></tr>
<tr>
<td title='translatorTest.TranslatorTest.TestConnBuilderTranslateSuccess()'><b>TestConnBuilderTranslateSuccess</b><br>Test class: translatorTest.TranslatorTest</td>
<td></td>
<td>3</td>
<td>translatorTest.TranslatorTest@448c8166</td></tr>
<tr>
<td title='translatorTest.TranslatorTest.TestConnBuilderUserAgentSuccess()'><b>TestConnBuilderUserAgentSuccess</b><br>Test class: translatorTest.TranslatorTest</td>
<td></td>
<td>0</td>
<td>translatorTest.TranslatorTest@448c8166</td></tr>
<tr>
<td title='translatorTest.TranslatorTest.TestTranslateFailEmptyFrom()'><b>TestTranslateFailEmptyFrom</b><br>Test class: translatorTest.TranslatorTest</td>
<td><div><pre>java.io.IOException: no lang from given
	at translate.Translator.translate(Translator.java:25)
	at translatorTest.TranslatorTest.TestTranslateFailEmptyFrom(TranslatorTest.java:57)
	at java.base/java.util.ArrayList.forEach(ArrayList.java:1511)
... Removed 37 stack frames</pre></div><a href='#' onClick='toggleBox("stack-trace1747371038", this, "Click to show all stack frames", "Click to hide stack frames")'>Click to show all stack frames</a>
<div class='stack-trace' id='stack-trace1747371038'><pre>java.io.IOException: no lang from given
	at translate.Translator.translate(Translator.java:25)
	at translatorTest.TranslatorTest.TestTranslateFailEmptyFrom(TranslatorTest.java:57)
	at java.base/jdk.internal.reflect.NativeMethodAccessorImpl.invoke0(Native Method)
	at java.base/jdk.internal.reflect.NativeMethodAccessorImpl.invoke(NativeMethodAccessorImpl.java:78)
	at java.base/jdk.internal.reflect.DelegatingMethodAccessorImpl.invoke(DelegatingMethodAccessorImpl.java:43)
	at java.base/java.lang.reflect.Method.invoke(Method.java:567)
	at org.testng.internal.MethodInvocationHelper.invokeMethod(MethodInvocationHelper.java:132)
	at org.testng.internal.TestInvoker.invokeMethod(TestInvoker.java:599)
	at org.testng.internal.TestInvoker.invokeTestMethod(TestInvoker.java:174)
	at org.testng.internal.MethodRunner.runInSequence(MethodRunner.java:46)
	at org.testng.internal.TestInvoker$MethodInvocationAgent.invoke(TestInvoker.java:822)
	at org.testng.internal.TestInvoker.invokeTestMethods(TestInvoker.java:147)
	at org.testng.internal.TestMethodWorker.invokeTestMethods(TestMethodWorker.java:146)
	at org.testng.internal.TestMethodWorker.run(TestMethodWorker.java:128)
	at java.base/java.util.ArrayList.forEach(ArrayList.java:1511)
	at org.testng.TestRunner.privateRun(TestRunner.java:764)
	at org.testng.TestRunner.run(TestRunner.java:585)
	at org.testng.SuiteRunner.runTest(SuiteRunner.java:384)
	at org.testng.SuiteRunner.runSequentially(SuiteRunner.java:378)
	at org.testng.SuiteRunner.privateRun(SuiteRunner.java:337)
	at org.testng.SuiteRunner.run(SuiteRunner.java:286)
	at org.testng.SuiteRunnerWorker.runSuite(SuiteRunnerWorker.java:53)
	at org.testng.SuiteRunnerWorker.run(SuiteRunnerWorker.java:96)
	at org.testng.TestNG.runSuitesSequentially(TestNG.java:1218)
	at org.testng.TestNG.runSuitesLocally(TestNG.java:1140)
	at org.testng.TestNG.runSuites(TestNG.java:1069)
	at org.testng.TestNG.run(TestNG.java:1037)
	at org.apache.maven.surefire.testng.TestNGExecutor.run(TestNGExecutor.java:77)
	at org.apache.maven.surefire.testng.TestNGDirectoryTestSuite.executeMulti(TestNGDirectoryTestSuite.java:159)
	at org.apache.maven.surefire.testng.TestNGDirectoryTestSuite.execute(TestNGDirectoryTestSuite.java:99)
	at org.apache.maven.surefire.testng.TestNGProvider.invoke(TestNGProvider.java:106)
	at java.base/jdk.internal.reflect.NativeMethodAccessorImpl.invoke0(Native Method)
	at java.base/jdk.internal.reflect.NativeMethodAccessorImpl.invoke(NativeMethodAccessorImpl.java:78)
	at java.base/jdk.internal.reflect.DelegatingMethodAccessorImpl.invoke(DelegatingMethodAccessorImpl.java:43)
	at java.base/java.lang.reflect.Method.invoke(Method.java:567)
	at org.apache.maven.surefire.util.ReflectionUtils.invokeMethodWithArray(ReflectionUtils.java:189)
	at org.apache.maven.surefire.booter.ProviderFactory$ProviderProxy.invoke(ProviderFactory.java:165)
	at org.apache.maven.surefire.booter.ProviderFactory.invokeProvider(ProviderFactory.java:85)
	at org.apache.maven.surefire.booter.ForkedBooter.runSuitesInProcess(ForkedBooter.java:115)
	at org.apache.maven.surefire.booter.ForkedBooter.main(ForkedBooter.java:75)
</pre></div></td>
<td>0</td>
<td>translatorTest.TranslatorTest@448c8166</td></tr>
<tr>
<td title='translatorTest.TranslatorTest.TestTranslateFailEmptyText()'><b>TestTranslateFailEmptyText</b><br>Test class: translatorTest.TranslatorTest</td>
<td><div><pre>java.io.IOException: Length capacity exceed or text empty
	at translate.Translator.translate(Translator.java:21)
	at translatorTest.TranslatorTest.TestTranslateFailEmptyText(TranslatorTest.java:71)
	at java.base/java.util.ArrayList.forEach(ArrayList.java:1511)
... Removed 37 stack frames</pre></div><a href='#' onClick='toggleBox("stack-trace50345623", this, "Click to show all stack frames", "Click to hide stack frames")'>Click to show all stack frames</a>
<div class='stack-trace' id='stack-trace50345623'><pre>java.io.IOException: Length capacity exceed or text empty
	at translate.Translator.translate(Translator.java:21)
	at translatorTest.TranslatorTest.TestTranslateFailEmptyText(TranslatorTest.java:71)
	at java.base/jdk.internal.reflect.NativeMethodAccessorImpl.invoke0(Native Method)
	at java.base/jdk.internal.reflect.NativeMethodAccessorImpl.invoke(NativeMethodAccessorImpl.java:78)
	at java.base/jdk.internal.reflect.DelegatingMethodAccessorImpl.invoke(DelegatingMethodAccessorImpl.java:43)
	at java.base/java.lang.reflect.Method.invoke(Method.java:567)
	at org.testng.internal.MethodInvocationHelper.invokeMethod(MethodInvocationHelper.java:132)
	at org.testng.internal.TestInvoker.invokeMethod(TestInvoker.java:599)
	at org.testng.internal.TestInvoker.invokeTestMethod(TestInvoker.java:174)
	at org.testng.internal.MethodRunner.runInSequence(MethodRunner.java:46)
	at org.testng.internal.TestInvoker$MethodInvocationAgent.invoke(TestInvoker.java:822)
	at org.testng.internal.TestInvoker.invokeTestMethods(TestInvoker.java:147)
	at org.testng.internal.TestMethodWorker.invokeTestMethods(TestMethodWorker.java:146)
	at org.testng.internal.TestMethodWorker.run(TestMethodWorker.java:128)
	at java.base/java.util.ArrayList.forEach(ArrayList.java:1511)
	at org.testng.TestRunner.privateRun(TestRunner.java:764)
	at org.testng.TestRunner.run(TestRunner.java:585)
	at org.testng.SuiteRunner.runTest(SuiteRunner.java:384)
	at org.testng.SuiteRunner.runSequentially(SuiteRunner.java:378)
	at org.testng.SuiteRunner.privateRun(SuiteRunner.java:337)
	at org.testng.SuiteRunner.run(SuiteRunner.java:286)
	at org.testng.SuiteRunnerWorker.runSuite(SuiteRunnerWorker.java:53)
	at org.testng.SuiteRunnerWorker.run(SuiteRunnerWorker.java:96)
	at org.testng.TestNG.runSuitesSequentially(TestNG.java:1218)
	at org.testng.TestNG.runSuitesLocally(TestNG.java:1140)
	at org.testng.TestNG.runSuites(TestNG.java:1069)
	at org.testng.TestNG.run(TestNG.java:1037)
	at org.apache.maven.surefire.testng.TestNGExecutor.run(TestNGExecutor.java:77)
	at org.apache.maven.surefire.testng.TestNGDirectoryTestSuite.executeMulti(TestNGDirectoryTestSuite.java:159)
	at org.apache.maven.surefire.testng.TestNGDirectoryTestSuite.execute(TestNGDirectoryTestSuite.java:99)
	at org.apache.maven.surefire.testng.TestNGProvider.invoke(TestNGProvider.java:106)
	at java.base/jdk.internal.reflect.NativeMethodAccessorImpl.invoke0(Native Method)
	at java.base/jdk.internal.reflect.NativeMethodAccessorImpl.invoke(NativeMethodAccessorImpl.java:78)
	at java.base/jdk.internal.reflect.DelegatingMethodAccessorImpl.invoke(DelegatingMethodAccessorImpl.java:43)
	at java.base/java.lang.reflect.Method.invoke(Method.java:567)
	at org.apache.maven.surefire.util.ReflectionUtils.invokeMethodWithArray(ReflectionUtils.java:189)
	at org.apache.maven.surefire.booter.ProviderFactory$ProviderProxy.invoke(ProviderFactory.java:165)
	at org.apache.maven.surefire.booter.ProviderFactory.invokeProvider(ProviderFactory.java:85)
	at org.apache.maven.surefire.booter.ForkedBooter.runSuitesInProcess(ForkedBooter.java:115)
	at org.apache.maven.surefire.booter.ForkedBooter.main(ForkedBooter.java:75)
</pre></div></td>
<td>0</td>
<td>translatorTest.TranslatorTest@448c8166</td></tr>
<tr>
<td title='translatorTest.TranslatorTest.TestTranslateFailEmptyTo()'><b>TestTranslateFailEmptyTo</b><br>Test class: translatorTest.TranslatorTest</td>
<td><div><pre>java.io.IOException: no lang to given
	at translate.Translator.translate(Translator.java:29)
	at translatorTest.TranslatorTest.TestTranslateFailEmptyTo(TranslatorTest.java:64)
	at java.base/java.util.ArrayList.forEach(ArrayList.java:1511)
... Removed 37 stack frames</pre></div><a href='#' onClick='toggleBox("stack-trace1691629865", this, "Click to show all stack frames", "Click to hide stack frames")'>Click to show all stack frames</a>
<div class='stack-trace' id='stack-trace1691629865'><pre>java.io.IOException: no lang to given
	at translate.Translator.translate(Translator.java:29)
	at translatorTest.TranslatorTest.TestTranslateFailEmptyTo(TranslatorTest.java:64)
	at java.base/jdk.internal.reflect.NativeMethodAccessorImpl.invoke0(Native Method)
	at java.base/jdk.internal.reflect.NativeMethodAccessorImpl.invoke(NativeMethodAccessorImpl.java:78)
	at java.base/jdk.internal.reflect.DelegatingMethodAccessorImpl.invoke(DelegatingMethodAccessorImpl.java:43)
	at java.base/java.lang.reflect.Method.invoke(Method.java:567)
	at org.testng.internal.MethodInvocationHelper.invokeMethod(MethodInvocationHelper.java:132)
	at org.testng.internal.TestInvoker.invokeMethod(TestInvoker.java:599)
	at org.testng.internal.TestInvoker.invokeTestMethod(TestInvoker.java:174)
	at org.testng.internal.MethodRunner.runInSequence(MethodRunner.java:46)
	at org.testng.internal.TestInvoker$MethodInvocationAgent.invoke(TestInvoker.java:822)
	at org.testng.internal.TestInvoker.invokeTestMethods(TestInvoker.java:147)
	at org.testng.internal.TestMethodWorker.invokeTestMethods(TestMethodWorker.java:146)
	at org.testng.internal.TestMethodWorker.run(TestMethodWorker.java:128)
	at java.base/java.util.ArrayList.forEach(ArrayList.java:1511)
	at org.testng.TestRunner.privateRun(TestRunner.java:764)
	at org.testng.TestRunner.run(TestRunner.java:585)
	at org.testng.SuiteRunner.runTest(SuiteRunner.java:384)
	at org.testng.SuiteRunner.runSequentially(SuiteRunner.java:378)
	at org.testng.SuiteRunner.privateRun(SuiteRunner.java:337)
	at org.testng.SuiteRunner.run(SuiteRunner.java:286)
	at org.testng.SuiteRunnerWorker.runSuite(SuiteRunnerWorker.java:53)
	at org.testng.SuiteRunnerWorker.run(SuiteRunnerWorker.java:96)
	at org.testng.TestNG.runSuitesSequentially(TestNG.java:1218)
	at org.testng.TestNG.runSuitesLocally(TestNG.java:1140)
	at org.testng.TestNG.runSuites(TestNG.java:1069)
	at org.testng.TestNG.run(TestNG.java:1037)
	at org.apache.maven.surefire.testng.TestNGExecutor.run(TestNGExecutor.java:77)
	at org.apache.maven.surefire.testng.TestNGDirectoryTestSuite.executeMulti(TestNGDirectoryTestSuite.java:159)
	at org.apache.maven.surefire.testng.TestNGDirectoryTestSuite.execute(TestNGDirectoryTestSuite.java:99)
	at org.apache.maven.surefire.testng.TestNGProvider.invoke(TestNGProvider.java:106)
	at java.base/jdk.internal.reflect.NativeMethodAccessorImpl.invoke0(Native Method)
	at java.base/jdk.internal.reflect.NativeMethodAccessorImpl.invoke(NativeMethodAccessorImpl.java:78)
	at java.base/jdk.internal.reflect.DelegatingMethodAccessorImpl.invoke(DelegatingMethodAccessorImpl.java:43)
	at java.base/java.lang.reflect.Method.invoke(Method.java:567)
	at org.apache.maven.surefire.util.ReflectionUtils.invokeMethodWithArray(ReflectionUtils.java:189)
	at org.apache.maven.surefire.booter.ProviderFactory$ProviderProxy.invoke(ProviderFactory.java:165)
	at org.apache.maven.surefire.booter.ProviderFactory.invokeProvider(ProviderFactory.java:85)
	at org.apache.maven.surefire.booter.ForkedBooter.runSuitesInProcess(ForkedBooter.java:115)
	at org.apache.maven.surefire.booter.ForkedBooter.main(ForkedBooter.java:75)
</pre></div></td>
<td>0</td>
<td>translatorTest.TranslatorTest@448c8166</td></tr>
<tr>
<td title='translatorTest.TranslatorTest.TestTranslateFailFullText()'><b>TestTranslateFailFullText</b><br>Test class: translatorTest.TranslatorTest</td>
<td><div><pre>java.io.IOException: Length capacity exceed or text empty
	at translate.Translator.translate(Translator.java:21)
	at translatorTest.TranslatorTest.TestTranslateFailFullText(TranslatorTest.java:82)
	at java.base/java.util.ArrayList.forEach(ArrayList.java:1511)
... Removed 37 stack frames</pre></div><a href='#' onClick='toggleBox("stack-trace489070295", this, "Click to show all stack frames", "Click to hide stack frames")'>Click to show all stack frames</a>
<div class='stack-trace' id='stack-trace489070295'><pre>java.io.IOException: Length capacity exceed or text empty
	at translate.Translator.translate(Translator.java:21)
	at translatorTest.TranslatorTest.TestTranslateFailFullText(TranslatorTest.java:82)
	at java.base/jdk.internal.reflect.NativeMethodAccessorImpl.invoke0(Native Method)
	at java.base/jdk.internal.reflect.NativeMethodAccessorImpl.invoke(NativeMethodAccessorImpl.java:78)
	at java.base/jdk.internal.reflect.DelegatingMethodAccessorImpl.invoke(DelegatingMethodAccessorImpl.java:43)
	at java.base/java.lang.reflect.Method.invoke(Method.java:567)
	at org.testng.internal.MethodInvocationHelper.invokeMethod(MethodInvocationHelper.java:132)
	at org.testng.internal.TestInvoker.invokeMethod(TestInvoker.java:599)
	at org.testng.internal.TestInvoker.invokeTestMethod(TestInvoker.java:174)
	at org.testng.internal.MethodRunner.runInSequence(MethodRunner.java:46)
	at org.testng.internal.TestInvoker$MethodInvocationAgent.invoke(TestInvoker.java:822)
	at org.testng.internal.TestInvoker.invokeTestMethods(TestInvoker.java:147)
	at org.testng.internal.TestMethodWorker.invokeTestMethods(TestMethodWorker.java:146)
	at org.testng.internal.TestMethodWorker.run(TestMethodWorker.java:128)
	at java.base/java.util.ArrayList.forEach(ArrayList.java:1511)
	at org.testng.TestRunner.privateRun(TestRunner.java:764)
	at org.testng.TestRunner.run(TestRunner.java:585)
	at org.testng.SuiteRunner.runTest(SuiteRunner.java:384)
	at org.testng.SuiteRunner.runSequentially(SuiteRunner.java:378)
	at org.testng.SuiteRunner.privateRun(SuiteRunner.java:337)
	at org.testng.SuiteRunner.run(SuiteRunner.java:286)
	at org.testng.SuiteRunnerWorker.runSuite(SuiteRunnerWorker.java:53)
	at org.testng.SuiteRunnerWorker.run(SuiteRunnerWorker.java:96)
	at org.testng.TestNG.runSuitesSequentially(TestNG.java:1218)
	at org.testng.TestNG.runSuitesLocally(TestNG.java:1140)
	at org.testng.TestNG.runSuites(TestNG.java:1069)
	at org.testng.TestNG.run(TestNG.java:1037)
	at org.apache.maven.surefire.testng.TestNGExecutor.run(TestNGExecutor.java:77)
	at org.apache.maven.surefire.testng.TestNGDirectoryTestSuite.executeMulti(TestNGDirectoryTestSuite.java:159)
	at org.apache.maven.surefire.testng.TestNGDirectoryTestSuite.execute(TestNGDirectoryTestSuite.java:99)
	at org.apache.maven.surefire.testng.TestNGProvider.invoke(TestNGProvider.java:106)
	at java.base/jdk.internal.reflect.NativeMethodAccessorImpl.invoke0(Native Method)
	at java.base/jdk.internal.reflect.NativeMethodAccessorImpl.invoke(NativeMethodAccessorImpl.java:78)
	at java.base/jdk.internal.reflect.DelegatingMethodAccessorImpl.invoke(DelegatingMethodAccessorImpl.java:43)
	at java.base/java.lang.reflect.Method.invoke(Method.java:567)
	at org.apache.maven.surefire.util.ReflectionUtils.invokeMethodWithArray(ReflectionUtils.java:189)
	at org.apache.maven.surefire.booter.ProviderFactory$ProviderProxy.invoke(ProviderFactory.java:165)
	at org.apache.maven.surefire.booter.ProviderFactory.invokeProvider(ProviderFactory.java:85)
	at org.apache.maven.surefire.booter.ForkedBooter.runSuitesInProcess(ForkedBooter.java:115)
	at org.apache.maven.surefire.booter.ForkedBooter.main(ForkedBooter.java:75)
</pre></div></td>
<td>0</td>
<td>translatorTest.TranslatorTest@448c8166</td></tr>
<tr>
<td title='translatorTest.TranslatorParallelTest.TestTranslation()'><b>TestTranslation</b><br>Test class: translatorTest.TranslatorParallelTest</td>
<td></td>
<td>3</td>
<td>translatorTest.TranslatorParallelTest@4470fbd6</td></tr>
<tr>
<td title='translatorTest.TranslatorParallelTest.TestTranslation()'><b>TestTranslation</b><br>Test class: translatorTest.TranslatorParallelTest</td>
<td></td>
<td>3</td>
<td>translatorTest.TranslatorParallelTest@4470fbd6</td></tr>
<tr>
<td title='translatorTest.TranslatorParallelTest.TestTranslation()'><b>TestTranslation</b><br>Test class: translatorTest.TranslatorParallelTest</td>
<td></td>
<td>3</td>
<td>translatorTest.TranslatorParallelTest@4470fbd6</td></tr>
<tr>
<td title='translatorTest.TranslatorParallelTest.TestTranslation()'><b>TestTranslation</b><br>Test class: translatorTest.TranslatorParallelTest</td>
<td></td>
<td>3</td>
<td>translatorTest.TranslatorParallelTest@4470fbd6</td></tr>
<tr>
<td title='translatorTest.TranslatorParallelTest.TestTranslation()'><b>TestTranslation</b><br>Test class: translatorTest.TranslatorParallelTest</td>
<td></td>
<td>3</td>
<td>translatorTest.TranslatorParallelTest@4470fbd6</td></tr>
<tr>
<td title='translatorTest.TranslatorParallelTest.TestTranslation()'><b>TestTranslation</b><br>Test class: translatorTest.TranslatorParallelTest</td>
<td></td>
<td>3</td>
<td>translatorTest.TranslatorParallelTest@4470fbd6</td></tr>
<tr>
<td title='translatorTest.TranslatorParallelTest.TestTranslation()'><b>TestTranslation</b><br>Test class: translatorTest.TranslatorParallelTest</td>
<td></td>
<td>3</td>
<td>translatorTest.TranslatorParallelTest@4470fbd6</td></tr>
<tr>
<td title='translatorTest.TranslatorParallelTest.TestTranslation()'><b>TestTranslation</b><br>Test class: translatorTest.TranslatorParallelTest</td>
<td></td>
<td>3</td>
<td>translatorTest.TranslatorParallelTest@4470fbd6</td></tr>
<tr>
<td title='translatorTest.TranslatorParallelTest.TestTranslation()'><b>TestTranslation</b><br>Test class: translatorTest.TranslatorParallelTest</td>
<td></td>
<td>3</td>
<td>translatorTest.TranslatorParallelTest@4470fbd6</td></tr>
<tr>
<td title='translatorTest.TranslatorParallelTest.TestTranslation()'><b>TestTranslation</b><br>Test class: translatorTest.TranslatorParallelTest</td>
<td></td>
<td>3</td>
<td>translatorTest.TranslatorParallelTest@4470fbd6</td></tr>
<tr>
<td title='translatorTest.TranslatorParallelTest.TestTranslation()'><b>TestTranslation</b><br>Test class: translatorTest.TranslatorParallelTest</td>
<td></td>
<td>3</td>
<td>translatorTest.TranslatorParallelTest@4470fbd6</td></tr>
<tr>
<td title='translatorTest.TranslatorParallelTest.TestTranslation()'><b>TestTranslation</b><br>Test class: translatorTest.TranslatorParallelTest</td>
<td></td>
<td>3</td>
<td>translatorTest.TranslatorParallelTest@4470fbd6</td></tr>
<tr>
<td title='translatorTest.TranslatorParallelTest.TestTranslation()'><b>TestTranslation</b><br>Test class: translatorTest.TranslatorParallelTest</td>
<td></td>
<td>3</td>
<td>translatorTest.TranslatorParallelTest@4470fbd6</td></tr>
<tr>
<td title='translatorTest.TranslatorParallelTest.TestTranslation()'><b>TestTranslation</b><br>Test class: translatorTest.TranslatorParallelTest</td>
<td></td>
<td>3</td>
<td>translatorTest.TranslatorParallelTest@4470fbd6</td></tr>
<tr>
<td title='translatorTest.TranslatorParallelTest.TestTranslation()'><b>TestTranslation</b><br>Test class: translatorTest.TranslatorParallelTest</td>
<td></td>
<td>4</td>
<td>translatorTest.TranslatorParallelTest@4470fbd6</td></tr>
<tr>
<td title='translatorTest.TranslatorParallelTest.TestTranslation()'><b>TestTranslation</b><br>Test class: translatorTest.TranslatorParallelTest</td>
<td></td>
<td>4</td>
<td>translatorTest.TranslatorParallelTest@4470fbd6</td></tr>
<tr>
<td title='translatorTest.TranslatorParallelTest.TestTranslation()'><b>TestTranslation</b><br>Test class: translatorTest.TranslatorParallelTest</td>
<td></td>
<td>4</td>
<td>translatorTest.TranslatorParallelTest@4470fbd6</td></tr>
<tr>
<td title='translatorTest.TranslatorParallelTest.TestTranslation()'><b>TestTranslation</b><br>Test class: translatorTest.TranslatorParallelTest</td>
<td></td>
<td>4</td>
<td>translatorTest.TranslatorParallelTest@4470fbd6</td></tr>
<tr>
<td title='translatorTest.TranslatorParallelTest.TestTranslation()'><b>TestTranslation</b><br>Test class: translatorTest.TranslatorParallelTest</td>
<td></td>
<td>4</td>
<td>translatorTest.TranslatorParallelTest@4470fbd6</td></tr>
<tr>
<td title='translatorTest.TranslatorParallelTest.TestTranslation()'><b>TestTranslation</b><br>Test class: translatorTest.TranslatorParallelTest</td>
<td></td>
<td>4</td>
<td>translatorTest.TranslatorParallelTest@4470fbd6</td></tr>
<tr>
<td title='translatorTest.TranslatorParallelTest.TestTranslation()'><b>TestTranslation</b><br>Test class: translatorTest.TranslatorParallelTest</td>
<td></td>
<td>4</td>
<td>translatorTest.TranslatorParallelTest@4470fbd6</td></tr>
<tr>
<td title='translatorTest.TranslatorParallelTest.TestTranslation()'><b>TestTranslation</b><br>Test class: translatorTest.TranslatorParallelTest</td>
<td></td>
<td>4</td>
<td>translatorTest.TranslatorParallelTest@4470fbd6</td></tr>
<tr>
<td title='translatorTest.TranslatorParallelTest.TestTranslation()'><b>TestTranslation</b><br>Test class: translatorTest.TranslatorParallelTest</td>
<td></td>
<td>4</td>
<td>translatorTest.TranslatorParallelTest@4470fbd6</td></tr>
<tr>
<td title='translatorTest.TranslatorParallelTest.TestTranslation()'><b>TestTranslation</b><br>Test class: translatorTest.TranslatorParallelTest</td>
<td></td>
<td>4</td>
<td>translatorTest.TranslatorParallelTest@4470fbd6</td></tr>
<tr>
<td title='translatorTest.TranslatorParallelTest.TestTranslation()'><b>TestTranslation</b><br>Test class: translatorTest.TranslatorParallelTest</td>
<td></td>
<td>4</td>
<td>translatorTest.TranslatorParallelTest@4470fbd6</td></tr>
<tr>
<td title='translatorTest.TranslatorParallelTest.TestTranslation()'><b>TestTranslation</b><br>Test class: translatorTest.TranslatorParallelTest</td>
<td></td>
<td>4</td>
<td>translatorTest.TranslatorParallelTest@4470fbd6</td></tr>
<tr>
<td title='translatorTest.TranslatorParallelTest.TestTranslation()'><b>TestTranslation</b><br>Test class: translatorTest.TranslatorParallelTest</td>
<td></td>
<td>4</td>
<td>translatorTest.TranslatorParallelTest@4470fbd6</td></tr>
<tr>
<td title='translatorTest.TranslatorParallelTest.TestTranslation()'><b>TestTranslation</b><br>Test class: translatorTest.TranslatorParallelTest</td>
<td></td>
<td>4</td>
<td>translatorTest.TranslatorParallelTest@4470fbd6</td></tr>
<tr>
<td title='translatorTest.TranslatorParallelTest.TestTranslation()'><b>TestTranslation</b><br>Test class: translatorTest.TranslatorParallelTest</td>
<td></td>
<td>4</td>
<td>translatorTest.TranslatorParallelTest@4470fbd6</td></tr>
<tr>
<td title='translatorTest.TranslatorParallelTest.TestTranslation()'><b>TestTranslation</b><br>Test class: translatorTest.TranslatorParallelTest</td>
<td></td>
<td>4</td>
<td>translatorTest.TranslatorParallelTest@4470fbd6</td></tr>
<tr>
<td title='translatorTest.TranslatorParallelTest.TestTranslation()'><b>TestTranslation</b><br>Test class: translatorTest.TranslatorParallelTest</td>
<td></td>
<td>4</td>
<td>translatorTest.TranslatorParallelTest@4470fbd6</td></tr>
<tr>
<td title='translatorTest.TranslatorParallelTest.TestTranslation()'><b>TestTranslation</b><br>Test class: translatorTest.TranslatorParallelTest</td>
<td></td>
<td>4</td>
<td>translatorTest.TranslatorParallelTest@4470fbd6</td></tr>
<tr>
<td title='translatorTest.TranslatorParallelTest.TestTranslation()'><b>TestTranslation</b><br>Test class: translatorTest.TranslatorParallelTest</td>
<td></td>
<td>4</td>
<td>translatorTest.TranslatorParallelTest@4470fbd6</td></tr>
<tr>
<td title='translatorTest.TranslatorParallelTest.TestTranslation()'><b>TestTranslation</b><br>Test class: translatorTest.TranslatorParallelTest</td>
<td></td>
<td>4</td>
<td>translatorTest.TranslatorParallelTest@4470fbd6</td></tr>
<tr>
<td title='translatorTest.TranslatorParallelTest.TestTranslation()'><b>TestTranslation</b><br>Test class: translatorTest.TranslatorParallelTest</td>
<td></td>
<td>4</td>
<td>translatorTest.TranslatorParallelTest@4470fbd6</td></tr>
<tr>
<td title='translatorTest.TranslatorParallelTest.TestTranslation()'><b>TestTranslation</b><br>Test class: translatorTest.TranslatorParallelTest</td>
<td></td>
<td>4</td>
<td>translatorTest.TranslatorParallelTest@4470fbd6</td></tr>
<tr>
<td title='translatorTest.TranslatorParallelTest.TestTranslation()'><b>TestTranslation</b><br>Test class: translatorTest.TranslatorParallelTest</td>
<td></td>
<td>4</td>
<td>translatorTest.TranslatorParallelTest@4470fbd6</td></tr>
<tr>
<td title='translatorTest.TranslatorParallelTest.TestTranslation()'><b>TestTranslation</b><br>Test class: translatorTest.TranslatorParallelTest</td>
<td></td>
<td>4</td>
<td>translatorTest.TranslatorParallelTest@4470fbd6</td></tr>
<tr>
<td title='translatorTest.TranslatorParallelTest.TestTranslation()'><b>TestTranslation</b><br>Test class: translatorTest.TranslatorParallelTest</td>
<td></td>
<td>4</td>
<td>translatorTest.TranslatorParallelTest@4470fbd6</td></tr>
<tr>
<td title='translatorTest.TranslatorParallelTest.TestTranslation()'><b>TestTranslation</b><br>Test class: translatorTest.TranslatorParallelTest</td>
<td></td>
<td>4</td>
<td>translatorTest.TranslatorParallelTest@4470fbd6</td></tr>
<tr>
<td title='translatorTest.TranslatorParallelTest.TestTranslation()'><b>TestTranslation</b><br>Test class: translatorTest.TranslatorParallelTest</td>
<td></td>
<td>4</td>
<td>translatorTest.TranslatorParallelTest@4470fbd6</td></tr>
<tr>
<td title='translatorTest.TranslatorParallelTest.TestTranslation()'><b>TestTranslation</b><br>Test class: translatorTest.TranslatorParallelTest</td>
<td></td>
<td>4</td>
<td>translatorTest.TranslatorParallelTest@4470fbd6</td></tr>
<tr>
<td title='translatorTest.TranslatorParallelTest.TestTranslation()'><b>TestTranslation</b><br>Test class: translatorTest.TranslatorParallelTest</td>
<td></td>
<td>4</td>
<td>translatorTest.TranslatorParallelTest@4470fbd6</td></tr>
<tr>
<td title='translatorTest.TranslatorParallelTest.TestTranslation()'><b>TestTranslation</b><br>Test class: translatorTest.TranslatorParallelTest</td>
<td></td>
<td>4</td>
<td>translatorTest.TranslatorParallelTest@4470fbd6</td></tr>
<tr>
<td title='translatorTest.TranslatorParallelTest.TestTranslation()'><b>TestTranslation</b><br>Test class: translatorTest.TranslatorParallelTest</td>
<td></td>
<td>4</td>
<td>translatorTest.TranslatorParallelTest@4470fbd6</td></tr>
<tr>
<td title='translatorTest.TranslatorParallelTest.TestTranslation()'><b>TestTranslation</b><br>Test class: translatorTest.TranslatorParallelTest</td>
<td></td>
<td>4</td>
<td>translatorTest.TranslatorParallelTest@4470fbd6</td></tr>
<tr>
<td title='translatorTest.TranslatorParallelTest.TestTranslation()'><b>TestTranslation</b><br>Test class: translatorTest.TranslatorParallelTest</td>
<td></td>
<td>4</td>
<td>translatorTest.TranslatorParallelTest@4470fbd6</td></tr>
<tr>
<td title='translatorTest.TranslatorParallelTest.TestTranslation()'><b>TestTranslation</b><br>Test class: translatorTest.TranslatorParallelTest</td>
<td></td>
<td>4</td>
<td>translatorTest.TranslatorParallelTest@4470fbd6</td></tr>
<tr>
<td title='translatorTest.TranslatorParallelTest.TestTranslation()'><b>TestTranslation</b><br>Test class: translatorTest.TranslatorParallelTest</td>
<td></td>
<td>4</td>
<td>translatorTest.TranslatorParallelTest@4470fbd6</td></tr>
<tr>
<td title='translatorTest.TranslatorParallelTest.TestTranslation()'><b>TestTranslation</b><br>Test class: translatorTest.TranslatorParallelTest</td>
<td></td>
<td>4</td>
<td>translatorTest.TranslatorParallelTest@4470fbd6</td></tr>
<tr>
<td title='translatorTest.TranslatorParallelTest.TestTranslation()'><b>TestTranslation</b><br>Test class: translatorTest.TranslatorParallelTest</td>
<td></td>
<td>4</td>
<td>translatorTest.TranslatorParallelTest@4470fbd6</td></tr>
<tr>
<td title='translatorTest.TranslatorParallelTest.TestTranslation()'><b>TestTranslation</b><br>Test class: translatorTest.TranslatorParallelTest</td>
<td></td>
<td>4</td>
<td>translatorTest.TranslatorParallelTest@4470fbd6</td></tr>
<tr>
<td title='translatorTest.TranslatorParallelTest.TestTranslation()'><b>TestTranslation</b><br>Test class: translatorTest.TranslatorParallelTest</td>
<td></td>
<td>4</td>
<td>translatorTest.TranslatorParallelTest@4470fbd6</td></tr>
<tr>
<td title='translatorTest.TranslatorParallelTest.TestTranslation()'><b>TestTranslation</b><br>Test class: translatorTest.TranslatorParallelTest</td>
<td></td>
<td>4</td>
<td>translatorTest.TranslatorParallelTest@4470fbd6</td></tr>
<tr>
<td title='translatorTest.TranslatorParallelTest.TestTranslation()'><b>TestTranslation</b><br>Test class: translatorTest.TranslatorParallelTest</td>
<td></td>
<td>4</td>
<td>translatorTest.TranslatorParallelTest@4470fbd6</td></tr>
<tr>
<td title='translatorTest.TranslatorParallelTest.TestTranslation()'><b>TestTranslation</b><br>Test class: translatorTest.TranslatorParallelTest</td>
<td></td>
<td>4</td>
<td>translatorTest.TranslatorParallelTest@4470fbd6</td></tr>
<tr>
<td title='translatorTest.TranslatorParallelTest.TestTranslation()'><b>TestTranslation</b><br>Test class: translatorTest.TranslatorParallelTest</td>
<td></td>
<td>4</td>
<td>translatorTest.TranslatorParallelTest@4470fbd6</td></tr>
<tr>
<td title='translatorTest.TranslatorParallelTest.TestTranslation()'><b>TestTranslation</b><br>Test class: translatorTest.TranslatorParallelTest</td>
<td></td>
<td>4</td>
<td>translatorTest.TranslatorParallelTest@4470fbd6</td></tr>
<tr>
<td title='translatorTest.TranslatorParallelTest.TestTranslation()'><b>TestTranslation</b><br>Test class: translatorTest.TranslatorParallelTest</td>
<td></td>
<td>4</td>
<td>translatorTest.TranslatorParallelTest@4470fbd6</td></tr>
<tr>
<td title='translatorTest.TranslatorParallelTest.TestTranslation()'><b>TestTranslation</b><br>Test class: translatorTest.TranslatorParallelTest</td>
<td></td>
<td>4</td>
<td>translatorTest.TranslatorParallelTest@4470fbd6</td></tr>
<tr>
<td title='translatorTest.TranslatorParallelTest.TestTranslation()'><b>TestTranslation</b><br>Test class: translatorTest.TranslatorParallelTest</td>
<td></td>
<td>4</td>
<td>translatorTest.TranslatorParallelTest@4470fbd6</td></tr>
<tr>
<td title='translatorTest.TranslatorParallelTest.TestTranslation()'><b>TestTranslation</b><br>Test class: translatorTest.TranslatorParallelTest</td>
<td></td>
<td>4</td>
<td>translatorTest.TranslatorParallelTest@4470fbd6</td></tr>
<tr>
<td title='translatorTest.TranslatorParallelTest.TestTranslation()'><b>TestTranslation</b><br>Test class: translatorTest.TranslatorParallelTest</td>
<td></td>
<td>4</td>
<td>translatorTest.TranslatorParallelTest@4470fbd6</td></tr>
<tr>
<td title='translatorTest.TranslatorParallelTest.TestTranslation()'><b>TestTranslation</b><br>Test class: translatorTest.TranslatorParallelTest</td>
<td></td>
<td>4</td>
<td>translatorTest.TranslatorParallelTest@4470fbd6</td></tr>
<tr>
<td title='translatorTest.TranslatorParallelTest.TestTranslation()'><b>TestTranslation</b><br>Test class: translatorTest.TranslatorParallelTest</td>
<td></td>
<td>4</td>
<td>translatorTest.TranslatorParallelTest@4470fbd6</td></tr>
<tr>
<td title='translatorTest.TranslatorParallelTest.TestTranslation()'><b>TestTranslation</b><br>Test class: translatorTest.TranslatorParallelTest</td>
<td></td>
<td>4</td>
<td>translatorTest.TranslatorParallelTest@4470fbd6</td></tr>
<tr>
<td title='translatorTest.TranslatorParallelTest.TestTranslation()'><b>TestTranslation</b><br>Test class: translatorTest.TranslatorParallelTest</td>
<td></td>
<td>4</td>
<td>translatorTest.TranslatorParallelTest@4470fbd6</td></tr>
<tr>
<td title='translatorTest.TranslatorParallelTest.TestTranslation()'><b>TestTranslation</b><br>Test class: translatorTest.TranslatorParallelTest</td>
<td></td>
<td>4</td>
<td>translatorTest.TranslatorParallelTest@4470fbd6</td></tr>
<tr>
<td title='translatorTest.TranslatorParallelTest.TestTranslation()'><b>TestTranslation</b><br>Test class: translatorTest.TranslatorParallelTest</td>
<td></td>
<td>4</td>
<td>translatorTest.TranslatorParallelTest@4470fbd6</td></tr>
<tr>
<td title='translatorTest.TranslatorParallelTest.TestTranslation()'><b>TestTranslation</b><br>Test class: translatorTest.TranslatorParallelTest</td>
<td></td>
<td>4</td>
<td>translatorTest.TranslatorParallelTest@4470fbd6</td></tr>
<tr>
<td title='translatorTest.TranslatorParallelTest.TestTranslation()'><b>TestTranslation</b><br>Test class: translatorTest.TranslatorParallelTest</td>
<td></td>
<td>5</td>
<td>translatorTest.TranslatorParallelTest@4470fbd6</td></tr>
<tr>
<td title='translatorTest.TranslatorParallelTest.TestTranslation()'><b>TestTranslation</b><br>Test class: translatorTest.TranslatorParallelTest</td>
<td></td>
<td>5</td>
<td>translatorTest.TranslatorParallelTest@4470fbd6</td></tr>
<tr>
<td title='translatorTest.TranslatorParallelTest.TestTranslation()'><b>TestTranslation</b><br>Test class: translatorTest.TranslatorParallelTest</td>
<td></td>
<td>5</td>
<td>translatorTest.TranslatorParallelTest@4470fbd6</td></tr>
<tr>
<td title='translatorTest.TranslatorParallelTest.TestTranslation()'><b>TestTranslation</b><br>Test class: translatorTest.TranslatorParallelTest</td>
<td></td>
<td>5</td>
<td>translatorTest.TranslatorParallelTest@4470fbd6</td></tr>
<tr>
<td title='translatorTest.TranslatorParallelTest.TestTranslation()'><b>TestTranslation</b><br>Test class: translatorTest.TranslatorParallelTest</td>
<td></td>
<td>5</td>
<td>translatorTest.TranslatorParallelTest@4470fbd6</td></tr>
<tr>
<td title='translatorTest.TranslatorParallelTest.TestTranslation()'><b>TestTranslation</b><br>Test class: translatorTest.TranslatorParallelTest</td>
<td></td>
<td>5</td>
<td>translatorTest.TranslatorParallelTest@4470fbd6</td></tr>
<tr>
<td title='translatorTest.TranslatorParallelTest.TestTranslation()'><b>TestTranslation</b><br>Test class: translatorTest.TranslatorParallelTest</td>
<td></td>
<td>5</td>
<td>translatorTest.TranslatorParallelTest@4470fbd6</td></tr>
<tr>
<td title='translatorTest.TranslatorParallelTest.TestTranslation()'><b>TestTranslation</b><br>Test class: translatorTest.TranslatorParallelTest</td>
<td></td>
<td>5</td>
<td>translatorTest.TranslatorParallelTest@4470fbd6</td></tr>
<tr>
<td title='translatorTest.TranslatorParallelTest.TestTranslation()'><b>TestTranslation</b><br>Test class: translatorTest.TranslatorParallelTest</td>
<td></td>
<td>5</td>
<td>translatorTest.TranslatorParallelTest@4470fbd6</td></tr>
<tr>
<td title='translatorTest.TranslatorParallelTest.TestTranslation()'><b>TestTranslation</b><br>Test class: translatorTest.TranslatorParallelTest</td>
<td></td>
<td>5</td>
<td>translatorTest.TranslatorParallelTest@4470fbd6</td></tr>
<tr>
<td title='translatorTest.TranslatorTest.TestUrlBuilderFail()'><b>TestUrlBuilderFail</b><br>Test class: translatorTest.TranslatorTest</td>
<td></td>
<td>0</td>
<td>translatorTest.TranslatorTest@448c8166</td></tr>
<tr>
<td title='main.MainTest.testFromLanguage()'><b>testFromLanguage</b><br>Test class: main.MainTest</td>
<td></td>
<td>0</td>
<td>main.MainTest@15d49048</td></tr>
<tr>
<td title='main.MainTest.testToLanguage()'><b>testToLanguage</b><br>Test class: main.MainTest</td>
<td></td>
<td>0</td>
<td>main.MainTest@15d49048</td></tr>
<tr>
<td title='main.MainTest.testTranslate()'><b>testTranslate</b><br>Test class: main.MainTest</td>
<td></td>
<td>4</td>
<td>main.MainTest@15d49048</td></tr>
</table><p>
</body>
</html>