<?xml version="1.0" encoding="UTF-8"?>
<!-- Generated by org.testng.reporters.JUnitXMLReporter -->
<testsuite ignored="0" hostname="MacBook-Pro-de-Antonio.local" failures="2" tests="93" name="Command line test" time="20.799" errors="0" timestamp="2021-09-16T01:43:26 PET">
  <testcase classname="translatorTest.TranslatorTest" name="TestConnBuilderConnSuccess" time="0.276">
    <failure type="java.lang.AssertionError" message="expected [400] but found [4000]">
      <![CDATA[java.lang.AssertionError: expected [400] but found [4000]
at translatorTest.TranslatorTest.TestConnBuilderConnSuccess(TranslatorTest.java:31)
at java.base/java.util.ArrayList.forEach(ArrayList.java:1511)
... Removed 43 stack frames]]>
    </failure>
  </testcase> <!-- TestConnBuilderConnSuccess -->
  <testcase classname="translatorTest.TranslatorTest" name="TestConnBuilderTranslateFail" time="6.514"/>
  <testcase classname="translatorTest.TranslatorTest" name="TestConnBuilderTranslateSuccess" time="3.36"/>
  <testcase classname="translatorTest.TranslatorTest" name="TestConnBuilderUserAgentSuccess" time="0.002"/>
  <testcase classname="translatorTest.TranslatorTest" name="TestTranslateFailEmptyFrom" time="0.0"/>
  <testcase classname="translatorTest.TranslatorTest" name="TestTranslateFailEmptyText" time="0.0"/>
  <testcase classname="translatorTest.TranslatorTest" name="TestTranslateFailEmptyTo" time="0.001"/>
  <testcase classname="translatorTest.TranslatorTest" name="TestTranslateFailFullText" time="0.0"/>
  <testcase classname="translatorTest.TranslatorTest" name="TestUrlBuilderFail" time="0.003"/>
  <testcase classname="translatorTest.TranslatorTest" name="TestUrlBuilderSuccess" time="0.001">
    <failure type="java.lang.AssertionError" message="expected [https://script.google.com/macros/s/AKfycbz9NhqBIiBztjNDKRcyI0zo3Wq12b7e-eXSDzx0wNsQf2WW-IDmJIfp6_jJJd8Sp_oO/exec?q=xd&amp;amp;target=some&amp;amp;source=some] but found [https://script.google.com/macros/s/AKfycbxJSBqm1GK9L2Rmw9Ru3UTJpY3cnky-1-gul_Po9aL0LhWrhkK0kLlnSGvRkqsfxnp5/exec?q=xd&amp;amp;target=some&amp;amp;source=some]">
      <![CDATA[java.lang.AssertionError: expected [https://script.google.com/macros/s/AKfycbz9NhqBIiBztjNDKRcyI0zo3Wq12b7e-eXSDzx0wNsQf2WW-IDmJIfp6_jJJd8Sp_oO/exec?q=xd&target=some&source=some] but found [https://script.google.com/macros/s/AKfycbxJSBqm1GK9L2Rmw9Ru3UTJpY3cnky-1-gul_Po9aL0LhWrhkK0kLlnSGvRkqsfxnp5/exec?q=xd&target=some&source=some]
at translatorTest.TranslatorTest.TestUrlBuilderSuccess(TranslatorTest.java:18)
at java.base/java.util.ArrayList.forEach(ArrayList.java:1511)
... Removed 43 stack frames]]>
    </failure>
  </testcase> <!-- TestUrlBuilderSuccess -->
  <testcase classname="translatorTest.TranslatorParallelTest" name="TestTranslation" time="3.166"/>
  <testcase classname="translatorTest.TranslatorParallelTest" name="TestTranslation" time="3.609"/>
  <testcase classname="translatorTest.TranslatorParallelTest" name="TestTranslation" time="3.623"/>
  <testcase classname="translatorTest.TranslatorParallelTest" name="TestTranslation" time="3.551"/>
  <testcase classname="translatorTest.TranslatorParallelTest" name="TestTranslation" time="3.65"/>
  <testcase classname="translatorTest.TranslatorParallelTest" name="TestTranslation" time="3.675"/>
  <testcase classname="translatorTest.TranslatorParallelTest" name="TestTranslation" time="3.685"/>
  <testcase classname="translatorTest.TranslatorParallelTest" name="TestTranslation" time="3.688"/>
  <testcase classname="translatorTest.TranslatorParallelTest" name="TestTranslation" time="3.66"/>
  <testcase classname="translatorTest.TranslatorParallelTest" name="TestTranslation" time="3.704"/>
  <testcase classname="translatorTest.TranslatorParallelTest" name="TestTranslation" time="3.903"/>
  <testcase classname="translatorTest.TranslatorParallelTest" name="TestTranslation" time="3.871"/>
  <testcase classname="translatorTest.TranslatorParallelTest" name="TestTranslation" time="3.822"/>
  <testcase classname="translatorTest.TranslatorParallelTest" name="TestTranslation" time="3.839"/>
  <testcase classname="translatorTest.TranslatorParallelTest" name="TestTranslation" time="4.004"/>
  <testcase classname="translatorTest.TranslatorParallelTest" name="TestTranslation" time="4.004"/>
  <testcase classname="translatorTest.TranslatorParallelTest" name="TestTranslation" time="4.01"/>
  <testcase classname="translatorTest.TranslatorParallelTest" name="TestTranslation" time="4.127"/>
  <testcase classname="translatorTest.TranslatorParallelTest" name="TestTranslation" time="4.187"/>
  <testcase classname="translatorTest.TranslatorParallelTest" name="TestTranslation" time="4.115"/>
  <testcase classname="translatorTest.TranslatorParallelTest" name="TestTranslation" time="4.093"/>
  <testcase classname="translatorTest.TranslatorParallelTest" name="TestTranslation" time="4.033"/>
  <testcase classname="translatorTest.TranslatorParallelTest" name="TestTranslation" time="4.21"/>
  <testcase classname="translatorTest.TranslatorParallelTest" name="TestTranslation" time="4.092"/>
  <testcase classname="translatorTest.TranslatorParallelTest" name="TestTranslation" time="4.213"/>
  <testcase classname="translatorTest.TranslatorParallelTest" name="TestTranslation" time="4.153"/>
  <testcase classname="translatorTest.TranslatorParallelTest" name="TestTranslation" time="4.24"/>
  <testcase classname="translatorTest.TranslatorParallelTest" name="TestTranslation" time="4.164"/>
  <testcase classname="translatorTest.TranslatorParallelTest" name="TestTranslation" time="4.245"/>
  <testcase classname="translatorTest.TranslatorParallelTest" name="TestTranslation" time="4.276"/>
  <testcase classname="translatorTest.TranslatorParallelTest" name="TestTranslation" time="4.216"/>
  <testcase classname="translatorTest.TranslatorParallelTest" name="TestTranslation" time="4.292"/>
  <testcase classname="translatorTest.TranslatorParallelTest" name="TestTranslation" time="4.188"/>
  <testcase classname="translatorTest.TranslatorParallelTest" name="TestTranslation" time="4.305"/>
  <testcase classname="translatorTest.TranslatorParallelTest" name="TestTranslation" time="4.354"/>
  <testcase classname="translatorTest.TranslatorParallelTest" name="TestTranslation" time="4.295"/>
  <testcase classname="translatorTest.TranslatorParallelTest" name="TestTranslation" time="4.38"/>
  <testcase classname="translatorTest.TranslatorParallelTest" name="TestTranslation" time="4.293"/>
  <testcase classname="translatorTest.TranslatorParallelTest" name="TestTranslation" time="4.408"/>
  <testcase classname="translatorTest.TranslatorParallelTest" name="TestTranslation" time="4.425"/>
  <testcase classname="translatorTest.TranslatorParallelTest" name="TestTranslation" time="4.285"/>
  <testcase classname="translatorTest.TranslatorParallelTest" name="TestTranslation" time="4.447"/>
  <testcase classname="translatorTest.TranslatorParallelTest" name="TestTranslation" time="4.42"/>
  <testcase classname="translatorTest.TranslatorParallelTest" name="TestTranslation" time="4.461"/>
  <testcase classname="translatorTest.TranslatorParallelTest" name="TestTranslation" time="4.46"/>
  <testcase classname="translatorTest.TranslatorParallelTest" name="TestTranslation" time="4.464"/>
  <testcase classname="translatorTest.TranslatorParallelTest" name="TestTranslation" time="4.457"/>
  <testcase classname="translatorTest.TranslatorParallelTest" name="TestTranslation" time="4.389"/>
  <testcase classname="translatorTest.TranslatorParallelTest" name="TestTranslation" time="4.344"/>
  <testcase classname="translatorTest.TranslatorParallelTest" name="TestTranslation" time="4.348"/>
  <testcase classname="translatorTest.TranslatorParallelTest" name="TestTranslation" time="4.465"/>
  <testcase classname="translatorTest.TranslatorParallelTest" name="TestTranslation" time="4.309"/>
  <testcase classname="translatorTest.TranslatorParallelTest" name="TestTranslation" time="4.463"/>
  <testcase classname="translatorTest.TranslatorParallelTest" name="TestTranslation" time="4.464"/>
  <testcase classname="translatorTest.TranslatorParallelTest" name="TestTranslation" time="4.353"/>
  <testcase classname="translatorTest.TranslatorParallelTest" name="TestTranslation" time="4.306"/>
  <testcase classname="translatorTest.TranslatorParallelTest" name="TestTranslation" time="4.307"/>
  <testcase classname="translatorTest.TranslatorParallelTest" name="TestTranslation" time="4.477"/>
  <testcase classname="translatorTest.TranslatorParallelTest" name="TestTranslation" time="4.475"/>
  <testcase classname="translatorTest.TranslatorParallelTest" name="TestTranslation" time="4.388"/>
  <testcase classname="translatorTest.TranslatorParallelTest" name="TestTranslation" time="4.485"/>
  <testcase classname="translatorTest.TranslatorParallelTest" name="TestTranslation" time="4.413"/>
  <testcase classname="translatorTest.TranslatorParallelTest" name="TestTranslation" time="4.479"/>
  <testcase classname="translatorTest.TranslatorParallelTest" name="TestTranslation" time="4.408"/>
  <testcase classname="translatorTest.TranslatorParallelTest" name="TestTranslation" time="4.491"/>
  <testcase classname="translatorTest.TranslatorParallelTest" name="TestTranslation" time="4.427"/>
  <testcase classname="translatorTest.TranslatorParallelTest" name="TestTranslation" time="4.349"/>
  <testcase classname="translatorTest.TranslatorParallelTest" name="TestTranslation" time="4.511"/>
  <testcase classname="translatorTest.TranslatorParallelTest" name="TestTranslation" time="4.52"/>
  <testcase classname="translatorTest.TranslatorParallelTest" name="TestTranslation" time="4.376"/>
  <testcase classname="translatorTest.TranslatorParallelTest" name="TestTranslation" time="5.274"/>
  <testcase classname="translatorTest.TranslatorParallelTest" name="TestTranslation" time="5.147"/>
  <testcase classname="translatorTest.TranslatorParallelTest" name="TestTranslation" time="5.306"/>
  <testcase classname="translatorTest.TranslatorParallelTest" name="TestTranslation" time="5.317"/>
  <testcase classname="translatorTest.TranslatorParallelTest" name="TestTranslation" time="5.16"/>
  <testcase classname="translatorTest.TranslatorParallelTest" name="TestTranslation" time="5.154"/>
  <testcase classname="translatorTest.TranslatorParallelTest" name="TestTranslation" time="5.29"/>
  <testcase classname="translatorTest.TranslatorParallelTest" name="TestTranslation" time="5.156"/>
  <testcase classname="translatorTest.TranslatorParallelTest" name="TestTranslation" time="5.379"/>
  <testcase classname="translatorTest.TranslatorParallelTest" name="TestTranslation" time="5.343"/>
  <testcase classname="main.MainTest" name="testFromLanguage" time="0.002"/>
  <testcase classname="main.MainTest" name="testToLanguage" time="0.0"/>
  <testcase classname="main.MainTest" name="testTranslate" time="4.978"/>
</testsuite> <!-- Command line test -->
